  Control.cpp
  Control.events.cpp
  DrawSystem.basics.cpp
C:\Users\ilyin\GitHub\Landscape\Landscape\Landscape\DrawSystem.basics.cpp(53,40): warning C4244: 'argument': conversion from 'double' to 'float', possible loss of data
C:\Users\ilyin\GitHub\Landscape\Landscape\Landscape\DrawSystem.basics.cpp(53,28): warning C4244: 'argument': conversion from 'double' to 'float', possible loss of data
C:\Users\ilyin\GitHub\Landscape\Landscape\Landscape\DrawSystem.basics.cpp(54,40): warning C4244: 'argument': conversion from 'double' to 'T', possible loss of data
          with
          [
              T=float
          ]
C:\Users\ilyin\GitHub\Landscape\Landscape\Landscape\DrawSystem.basics.cpp(54,33): warning C4244: 'argument': conversion from 'double' to 'T', possible loss of data
          with
          [
              T=float
          ]
C:\Users\ilyin\GitHub\Landscape\Landscape\Landscape\DrawSystem.basics.cpp(55,67): warning C4244: 'argument': conversion from 'double' to 'sf::Uint8', possible loss of data
C:\Users\ilyin\GitHub\Landscape\Landscape\Landscape\DrawSystem.basics.cpp(55,58): warning C4244: 'argument': conversion from 'double' to 'sf::Uint8', possible loss of data
C:\Users\ilyin\GitHub\Landscape\Landscape\Landscape\DrawSystem.basics.cpp(55,49): warning C4244: 'argument': conversion from 'double' to 'sf::Uint8', possible loss of data
C:\Users\ilyin\GitHub\Landscape\Landscape\Landscape\DrawSystem.basics.cpp(55,40): warning C4244: 'argument': conversion from 'double' to 'sf::Uint8', possible loss of data
C:\Users\ilyin\GitHub\Landscape\Landscape\Landscape\DrawSystem.basics.cpp(56,27): warning C4244: 'argument': conversion from 'double' to 'float', possible loss of data
C:\Users\ilyin\GitHub\Landscape\Landscape\Landscape\DrawSystem.basics.cpp(56,24): warning C4244: 'argument': conversion from 'double' to 'float', possible loss of data
C:\Users\ilyin\GitHub\Landscape\Landscape\Landscape\DrawSystem.basics.cpp(62,40): warning C4244: 'argument': conversion from 'double' to 'float', possible loss of data
C:\Users\ilyin\GitHub\Landscape\Landscape\Landscape\DrawSystem.basics.cpp(62,28): warning C4244: 'argument': conversion from 'double' to 'float', possible loss of data
C:\Users\ilyin\GitHub\Landscape\Landscape\Landscape\DrawSystem.basics.cpp(63,40): warning C4244: 'argument': conversion from 'double' to 'T', possible loss of data
          with
          [
              T=float
          ]
C:\Users\ilyin\GitHub\Landscape\Landscape\Landscape\DrawSystem.basics.cpp(63,33): warning C4244: 'argument': conversion from 'double' to 'T', possible loss of data
          with
          [
              T=float
          ]
C:\Users\ilyin\GitHub\Landscape\Landscape\Landscape\DrawSystem.basics.cpp(64,70): warning C4244: 'argument': conversion from 'double' to 'sf::Uint8', possible loss of data
C:\Users\ilyin\GitHub\Landscape\Landscape\Landscape\DrawSystem.basics.cpp(64,61): warning C4244: 'argument': conversion from 'double' to 'sf::Uint8', possible loss of data
C:\Users\ilyin\GitHub\Landscape\Landscape\Landscape\DrawSystem.basics.cpp(64,52): warning C4244: 'argument': conversion from 'double' to 'sf::Uint8', possible loss of data
C:\Users\ilyin\GitHub\Landscape\Landscape\Landscape\DrawSystem.basics.cpp(64,43): warning C4244: 'argument': conversion from 'double' to 'sf::Uint8', possible loss of data
C:\Users\ilyin\GitHub\Landscape\Landscape\Landscape\DrawSystem.basics.cpp(67,27): warning C4244: 'argument': conversion from 'double' to 'float', possible loss of data
C:\Users\ilyin\GitHub\Landscape\Landscape\Landscape\DrawSystem.basics.cpp(67,24): warning C4244: 'argument': conversion from 'double' to 'float', possible loss of data
C:\Users\ilyin\GitHub\Landscape\Landscape\Landscape\DrawSystem.basics.cpp(73,22): warning C4244: 'argument': conversion from 'double' to 'float', possible loss of data
C:\Users\ilyin\GitHub\Landscape\Landscape\Landscape\DrawSystem.basics.cpp(73,19): warning C4244: 'argument': conversion from 'double' to 'float', possible loss of data
C:\Users\ilyin\GitHub\Landscape\Landscape\Landscape\DrawSystem.basics.cpp(74,19): warning C4244: 'argument': conversion from 'double' to 'float', possible loss of data
C:\Users\ilyin\GitHub\Landscape\Landscape\Landscape\DrawSystem.basics.cpp(75,64): warning C4244: 'argument': conversion from 'double' to 'sf::Uint8', possible loss of data
C:\Users\ilyin\GitHub\Landscape\Landscape\Landscape\DrawSystem.basics.cpp(75,55): warning C4244: 'argument': conversion from 'double' to 'sf::Uint8', possible loss of data
C:\Users\ilyin\GitHub\Landscape\Landscape\Landscape\DrawSystem.basics.cpp(75,46): warning C4244: 'argument': conversion from 'double' to 'sf::Uint8', possible loss of data
C:\Users\ilyin\GitHub\Landscape\Landscape\Landscape\DrawSystem.basics.cpp(75,37): warning C4244: 'argument': conversion from 'double' to 'sf::Uint8', possible loss of data
C:\Users\ilyin\GitHub\Landscape\Landscape\Landscape\DrawSystem.basics.cpp(76,24): warning C4244: 'argument': conversion from 'double' to 'float', possible loss of data
C:\Users\ilyin\GitHub\Landscape\Landscape\Landscape\DrawSystem.basics.cpp(76,21): warning C4244: 'argument': conversion from 'double' to 'float', possible loss of data
C:\Users\ilyin\GitHub\Landscape\Landscape\Landscape\DrawSystem.basics.cpp(83,30): warning C4244: 'argument': conversion from 'double' to 'T', possible loss of data
          with
          [
              T=float
          ]
C:\Users\ilyin\GitHub\Landscape\Landscape\Landscape\DrawSystem.basics.cpp(83,27): warning C4244: 'argument': conversion from 'double' to 'T', possible loss of data
          with
          [
              T=float
          ]
C:\Users\ilyin\GitHub\Landscape\Landscape\Landscape\DrawSystem.basics.cpp(84,31): warning C4244: 'argument': conversion from 'double' to 'T', possible loss of data
          with
          [
              T=float
          ]
C:\Users\ilyin\GitHub\Landscape\Landscape\Landscape\DrawSystem.basics.cpp(84,27): warning C4244: 'argument': conversion from 'double' to 'T', possible loss of data
          with
          [
              T=float
          ]
C:\Users\ilyin\GitHub\Landscape\Landscape\Landscape\DrawSystem.basics.cpp(86,70): warning C4244: 'argument': conversion from 'double' to 'sf::Uint8', possible loss of data
C:\Users\ilyin\GitHub\Landscape\Landscape\Landscape\DrawSystem.basics.cpp(86,61): warning C4244: 'argument': conversion from 'double' to 'sf::Uint8', possible loss of data
C:\Users\ilyin\GitHub\Landscape\Landscape\Landscape\DrawSystem.basics.cpp(86,52): warning C4244: 'argument': conversion from 'double' to 'sf::Uint8', possible loss of data
C:\Users\ilyin\GitHub\Landscape\Landscape\Landscape\DrawSystem.basics.cpp(86,43): warning C4244: 'argument': conversion from 'double' to 'sf::Uint8', possible loss of data
C:\Users\ilyin\GitHub\Landscape\Landscape\Landscape\DrawSystem.basics.cpp(95,56): warning C4244: 'argument': conversion from 'T' to 'float', possible loss of data
          with
          [
              T=unsigned int
          ]
C:\Users\ilyin\GitHub\Landscape\Landscape\Landscape\DrawSystem.basics.cpp(95,35): warning C4244: 'argument': conversion from 'T' to 'float', possible loss of data
          with
          [
              T=unsigned int
          ]
C:\Users\ilyin\GitHub\Landscape\Landscape\Landscape\DrawSystem.basics.cpp(97,32): warning C4244: 'argument': conversion from 'double' to 'float', possible loss of data
C:\Users\ilyin\GitHub\Landscape\Landscape\Landscape\DrawSystem.basics.cpp(97,23): warning C4244: 'argument': conversion from 'double' to 'float', possible loss of data
C:\Users\ilyin\GitHub\Landscape\Landscape\Landscape\DrawSystem.basics.cpp(98,24): warning C4244: 'argument': conversion from 'double' to 'float', possible loss of data
C:\Users\ilyin\GitHub\Landscape\Landscape\Landscape\DrawSystem.basics.cpp(98,21): warning C4244: 'argument': conversion from 'double' to 'float', possible loss of data
C:\Users\ilyin\GitHub\Landscape\Landscape\Landscape\DrawSystem.basics.cpp(100,33): warning C4244: 'argument': conversion from 'double' to 'float', possible loss of data
C:\Users\ilyin\GitHub\Landscape\Landscape\Landscape\DrawSystem.basics.cpp(121,67): warning C4244: 'argument': conversion from 'double' to 'sf::Uint8', possible loss of data
C:\Users\ilyin\GitHub\Landscape\Landscape\Landscape\DrawSystem.basics.cpp(121,58): warning C4244: 'argument': conversion from 'double' to 'sf::Uint8', possible loss of data
C:\Users\ilyin\GitHub\Landscape\Landscape\Landscape\DrawSystem.basics.cpp(121,49): warning C4244: 'argument': conversion from 'double' to 'sf::Uint8', possible loss of data
C:\Users\ilyin\GitHub\Landscape\Landscape\Landscape\DrawSystem.basics.cpp(121,40): warning C4244: 'argument': conversion from 'double' to 'sf::Uint8', possible loss of data
C:\Users\ilyin\GitHub\Landscape\Landscape\Landscape\DrawSystem.basics.cpp(124,27): warning C4244: 'argument': conversion from 'double' to 'float', possible loss of data
C:\Users\ilyin\GitHub\Landscape\Landscape\Landscape\DrawSystem.basics.cpp(124,24): warning C4244: 'argument': conversion from 'double' to 'float', possible loss of data
  DrawSystem.cpp
C:\Users\ilyin\GitHub\Landscape\Landscape\Landscape\DrawSystem.cpp(23,20): warning C4018: '<': signed/unsigned mismatch
C:\Users\ilyin\GitHub\Landscape\Landscape\Landscape\DrawSystem.cpp(24,21): warning C4018: '<': signed/unsigned mismatch
C:\Users\ilyin\GitHub\Landscape\Landscape\Landscape\DrawSystem.cpp(32,20): warning C4018: '<': signed/unsigned mismatch
C:\Users\ilyin\GitHub\Landscape\Landscape\Landscape\DrawSystem.cpp(33,21): warning C4018: '<': signed/unsigned mismatch
C:\Users\ilyin\GitHub\Landscape\Landscape\Landscape\DrawSystem.cpp(34,22): warning C4018: '<': signed/unsigned mismatch
C:\Users\ilyin\GitHub\Landscape\Landscape\Landscape\DrawSystem.cpp(40,68): warning C4244: 'argument': conversion from 'const _Ty' to 'sf::Uint8', possible loss of data
          with
          [
              _Ty=double
          ]
C:\Users\ilyin\GitHub\Landscape\Landscape\Landscape\DrawSystem.cpp(40,56): warning C4244: 'argument': conversion from 'double' to 'sf::Uint8', possible loss of data
C:\Users\ilyin\GitHub\Landscape\Landscape\Landscape\DrawSystem.cpp(40,49): warning C4244: 'argument': conversion from 'double' to 'sf::Uint8', possible loss of data
C:\Users\ilyin\GitHub\Landscape\Landscape\Landscape\DrawSystem.cpp(40,42): warning C4244: 'argument': conversion from 'double' to 'sf::Uint8', possible loss of data
C:\Users\ilyin\GitHub\Landscape\Landscape\Landscape\DrawSystem.cpp(61,50): warning C4244: 'argument': conversion from 'double' to 'T', possible loss of data
          with
          [
              T=float
          ]
C:\Users\ilyin\GitHub\Landscape\Landscape\Landscape\DrawSystem.cpp(61,47): warning C4244: 'argument': conversion from 'double' to 'T', possible loss of data
          with
          [
              T=float
          ]
C:\Users\ilyin\GitHub\Landscape\Landscape\Landscape\DrawSystem.cpp(67,61): warning C4244: 'argument': conversion from 'double' to 'T', possible loss of data
          with
          [
              T=float
          ]
C:\Users\ilyin\GitHub\Landscape\Landscape\Landscape\DrawSystem.cpp(67,26): warning C4244: 'argument': conversion from 'double' to 'T', possible loss of data
          with
          [
              T=float
          ]
C:\Users\ilyin\GitHub\Landscape\Landscape\Landscape\DrawSystem.cpp(68,41): warning C4244: 'argument': conversion from 'double' to 'T', possible loss of data
          with
          [
              T=float
          ]
C:\Users\ilyin\GitHub\Landscape\Landscape\Landscape\DrawSystem.cpp(68,22): warning C4244: 'argument': conversion from 'double' to 'T', possible loss of data
          with
          [
              T=float
          ]
C:\Users\ilyin\GitHub\Landscape\Landscape\Landscape\DrawSystem.cpp(70,34): warning C4244: 'argument': conversion from 'double' to 'float', possible loss of data
C:\Users\ilyin\GitHub\Landscape\Landscape\Landscape\DrawSystem.cpp(76,20): warning C4018: '<': signed/unsigned mismatch
C:\Users\ilyin\GitHub\Landscape\Landscape\Landscape\DrawSystem.cpp(77,21): warning C4018: '<': signed/unsigned mismatch
C:\Users\ilyin\GitHub\Landscape\Landscape\Landscape\DrawSystem.cpp(87,60): warning C4244: 'argument': conversion from 'double' to 'sf::Uint8', possible loss of data
C:\Users\ilyin\GitHub\Landscape\Landscape\Landscape\DrawSystem.cpp(87,53): warning C4244: 'argument': conversion from 'double' to 'sf::Uint8', possible loss of data
C:\Users\ilyin\GitHub\Landscape\Landscape\Landscape\DrawSystem.cpp(87,46): warning C4244: 'argument': conversion from 'double' to 'sf::Uint8', possible loss of data
C:\Users\ilyin\GitHub\Landscape\Landscape\Landscape\DrawSystem.cpp(87,39): warning C4244: 'argument': conversion from 'double' to 'sf::Uint8', possible loss of data
C:\Users\ilyin\GitHub\Landscape\Landscape\Landscape\DrawSystem.cpp(92,54): warning C4244: 'argument': conversion from 'double' to 'sf::Uint8', possible loss of data
C:\Users\ilyin\GitHub\Landscape\Landscape\Landscape\DrawSystem.cpp(92,47): warning C4244: 'argument': conversion from 'double' to 'sf::Uint8', possible loss of data
C:\Users\ilyin\GitHub\Landscape\Landscape\Landscape\DrawSystem.cpp(92,40): warning C4244: 'argument': conversion from 'double' to 'sf::Uint8', possible loss of data
  DrawSystem.loadTextures.cpp
  DrawSystem.objects.cpp
  main.cpp
  Generating code
  13 of 869 functions ( 1.5%) were compiled, the rest were copied from previous compilation.
    0 functions were new in current compilation
    8 functions had inline decision re-evaluated but remain unchanged
  Finished generating code
  Landscape.vcxproj -> C:\Users\ilyin\GitHub\Landscape\Landscape\Release\Landscape.exe
